Running test: /mnt/c/Users/arian/OneDrive/Desktop/compiler/compiler/tests/k0/lex1.kt
Syntax error: syntax error at line 7, near token ')'

this filename: /mnt/c/Users/arian/OneDrive/Desktop/compiler/compiler/tests/k0/lex1.kt
Parsing file: /mnt/c/Users/arian/OneDrive/Desktop/compiler/compiler/tests/k0/lex1.kt
----------------------------------
Running test: /mnt/c/Users/arian/OneDrive/Desktop/compiler/compiler/tests/k0/lex2.kt

this filename: /mnt/c/Users/arian/OneDrive/Desktop/compiler/compiler/tests/k0/lex2.kt
Parsing file: /mnt/c/Users/arian/OneDrive/Desktop/compiler/compiler/tests/k0/lex2.kt
yyparse returns 0
No errors.
----------------------------------
Running test: /mnt/c/Users/arian/OneDrive/Desktop/compiler/compiler/tests/k0/lex3.kt
Syntax error: syntax error at line 14, near token '+='

this filename: /mnt/c/Users/arian/OneDrive/Desktop/compiler/compiler/tests/k0/lex3.kt
Parsing file: /mnt/c/Users/arian/OneDrive/Desktop/compiler/compiler/tests/k0/lex3.kt
----------------------------------
Running test: /mnt/c/Users/arian/OneDrive/Desktop/compiler/compiler/tests/k0/lex5.kt

this filename: /mnt/c/Users/arian/OneDrive/Desktop/compiler/compiler/tests/k0/lex5.kt
Parsing file: /mnt/c/Users/arian/OneDrive/Desktop/compiler/compiler/tests/k0/lex5.kt
yyparse returns 0
No errors.
----------------------------------
Running test: /mnt/c/Users/arian/OneDrive/Desktop/compiler/compiler/tests/k0/lex6.kt
Syntax error: syntax error at line 4, near token ''D''

this filename: /mnt/c/Users/arian/OneDrive/Desktop/compiler/compiler/tests/k0/lex6.kt
Parsing file: /mnt/c/Users/arian/OneDrive/Desktop/compiler/compiler/tests/k0/lex6.kt
----------------------------------
Running test: /mnt/c/Users/arian/OneDrive/Desktop/compiler/compiler/tests/k0/lex7.kt
Syntax error: syntax error at line 1, near token 'Ariana'

this filename: /mnt/c/Users/arian/OneDrive/Desktop/compiler/compiler/tests/k0/lex7.kt
Parsing file: /mnt/c/Users/arian/OneDrive/Desktop/compiler/compiler/tests/k0/lex7.kt
----------------------------------
Running test: /mnt/c/Users/arian/OneDrive/Desktop/compiler/compiler/tests/k0/sem1.kt
Syntax error: syntax error at line 1, near token 'val'

this filename: /mnt/c/Users/arian/OneDrive/Desktop/compiler/compiler/tests/k0/sem1.kt
Parsing file: /mnt/c/Users/arian/OneDrive/Desktop/compiler/compiler/tests/k0/sem1.kt
----------------------------------
Running test: /mnt/c/Users/arian/OneDrive/Desktop/compiler/compiler/tests/k0/syn0.kt

this filename: /mnt/c/Users/arian/OneDrive/Desktop/compiler/compiler/tests/k0/syn0.kt
Parsing file: /mnt/c/Users/arian/OneDrive/Desktop/compiler/compiler/tests/k0/syn0.kt
yyparse returns 0
No errors.
----------------------------------
Running test: /mnt/c/Users/arian/OneDrive/Desktop/compiler/compiler/tests/k0/syn1.kt

this filename: /mnt/c/Users/arian/OneDrive/Desktop/compiler/compiler/tests/k0/syn1.kt
Parsing file: /mnt/c/Users/arian/OneDrive/Desktop/compiler/compiler/tests/k0/syn1.kt
yyparse returns 0
No errors.
----------------------------------
Running test: /mnt/c/Users/arian/OneDrive/Desktop/compiler/compiler/tests/k0/syn2.kt

this filename: /mnt/c/Users/arian/OneDrive/Desktop/compiler/compiler/tests/k0/syn2.kt
Parsing file: /mnt/c/Users/arian/OneDrive/Desktop/compiler/compiler/tests/k0/syn2.kt
yyparse returns 0
No errors.
----------------------------------
Running test: /mnt/c/Users/arian/OneDrive/Desktop/compiler/compiler/tests/k0/syn3.kt

this filename: /mnt/c/Users/arian/OneDrive/Desktop/compiler/compiler/tests/k0/syn3.kt
Parsing file: /mnt/c/Users/arian/OneDrive/Desktop/compiler/compiler/tests/k0/syn3.kt
yyparse returns 0
No errors.
----------------------------------
Running test: /mnt/c/Users/arian/OneDrive/Desktop/compiler/compiler/tests/k0/syn4.kt

this filename: /mnt/c/Users/arian/OneDrive/Desktop/compiler/compiler/tests/k0/syn4.kt
Parsing file: /mnt/c/Users/arian/OneDrive/Desktop/compiler/compiler/tests/k0/syn4.kt
yyparse returns 0
No errors.
----------------------------------
Running test: /mnt/c/Users/arian/OneDrive/Desktop/compiler/compiler/tests/k0/syn5.kt

this filename: /mnt/c/Users/arian/OneDrive/Desktop/compiler/compiler/tests/k0/syn5.kt
Parsing file: /mnt/c/Users/arian/OneDrive/Desktop/compiler/compiler/tests/k0/syn5.kt
yyparse returns 0
No errors.
----------------------------------
Running test: /mnt/c/Users/arian/OneDrive/Desktop/compiler/compiler/tests/k0/syn6.kt
Syntax error: syntax error at line 28, near token '!'

this filename: /mnt/c/Users/arian/OneDrive/Desktop/compiler/compiler/tests/k0/syn6.kt
Parsing file: /mnt/c/Users/arian/OneDrive/Desktop/compiler/compiler/tests/k0/syn6.kt
----------------------------------
Running test: /mnt/c/Users/arian/OneDrive/Desktop/compiler/compiler/tests/k0/syn7.kt

this filename: /mnt/c/Users/arian/OneDrive/Desktop/compiler/compiler/tests/k0/syn7.kt
Parsing file: /mnt/c/Users/arian/OneDrive/Desktop/compiler/compiler/tests/k0/syn7.kt
yyparse returns 0
No errors.
----------------------------------
Running test: /mnt/c/Users/arian/OneDrive/Desktop/compiler/compiler/tests/k0/syn8.kt
Syntax error: syntax error at line 3, near token 'Int'

this filename: /mnt/c/Users/arian/OneDrive/Desktop/compiler/compiler/tests/k0/syn8.kt
Parsing file: /mnt/c/Users/arian/OneDrive/Desktop/compiler/compiler/tests/k0/syn8.kt
----------------------------------
Running test: /mnt/c/Users/arian/OneDrive/Desktop/compiler/compiler/tests/kotlin/syn1.kt
:3: error: the reserved word 'as' is not supported by K0 

this filename: /mnt/c/Users/arian/OneDrive/Desktop/compiler/compiler/tests/kotlin/syn1.kt
Parsing file: /mnt/c/Users/arian/OneDrive/Desktop/compiler/compiler/tests/kotlin/syn1.kt
yyparse returns 0
No errors.
----------------------------------
Running test: /mnt/c/Users/arian/OneDrive/Desktop/compiler/compiler/tests/kotlin/syn2.kt
:3: error: the reserved word 'as?' is not supported by K0 

this filename: /mnt/c/Users/arian/OneDrive/Desktop/compiler/compiler/tests/kotlin/syn2.kt
Parsing file: /mnt/c/Users/arian/OneDrive/Desktop/compiler/compiler/tests/kotlin/syn2.kt
yyparse returns 0
No errors.
----------------------------------
Running test: /mnt/c/Users/arian/OneDrive/Desktop/compiler/compiler/tests/kotlin/syn3.kt
:1: error: the reserved word 'class' is not supported by K0 
Syntax error: syntax error at line 1, near token 'MyClass'

this filename: /mnt/c/Users/arian/OneDrive/Desktop/compiler/compiler/tests/kotlin/syn3.kt
Parsing file: /mnt/c/Users/arian/OneDrive/Desktop/compiler/compiler/tests/kotlin/syn3.kt
----------------------------------
Running test: /mnt/c/Users/arian/OneDrive/Desktop/compiler/compiler/tests/kotlin/syn4.kt
:3: error: the reserved word '!in' is not supported by K0 
Syntax error: syntax error at line 3, near token '1'

this filename: /mnt/c/Users/arian/OneDrive/Desktop/compiler/compiler/tests/kotlin/syn4.kt
Parsing file: /mnt/c/Users/arian/OneDrive/Desktop/compiler/compiler/tests/kotlin/syn4.kt
----------------------------------
Running test: /mnt/c/Users/arian/OneDrive/Desktop/compiler/compiler/tests/kotlin/syn5.kt
:3: error: the reserved word 'is' is not supported by K0 
Syntax error: syntax error at line 3, near token 'String'

this filename: /mnt/c/Users/arian/OneDrive/Desktop/compiler/compiler/tests/kotlin/syn5.kt
Parsing file: /mnt/c/Users/arian/OneDrive/Desktop/compiler/compiler/tests/kotlin/syn5.kt
----------------------------------
Running test: /mnt/c/Users/arian/OneDrive/Desktop/compiler/compiler/tests/kotlin/syn6.kt
:2: error: the reserved word 'try' is not supported by K0 
Syntax error: syntax error at line 2, near token '{'

this filename: /mnt/c/Users/arian/OneDrive/Desktop/compiler/compiler/tests/kotlin/syn6.kt
Parsing file: /mnt/c/Users/arian/OneDrive/Desktop/compiler/compiler/tests/kotlin/syn6.kt
----------------------------------
Running test: /mnt/c/Users/arian/OneDrive/Desktop/compiler/compiler/tests/kotlin/syn7.kt
:1: error: the reserved word 'object' is not supported by K0 
Syntax error: syntax error at line 1, near token 'Singleton'

this filename: /mnt/c/Users/arian/OneDrive/Desktop/compiler/compiler/tests/kotlin/syn7.kt
Parsing file: /mnt/c/Users/arian/OneDrive/Desktop/compiler/compiler/tests/kotlin/syn7.kt
----------------------------------
Running test: /mnt/c/Users/arian/OneDrive/Desktop/compiler/compiler/tests/kotlin/syn8.kt
:1: error: the reserved word 'package' is not supported by K0 
Syntax error: syntax error at line 1, near token 'myPackage'

this filename: /mnt/c/Users/arian/OneDrive/Desktop/compiler/compiler/tests/kotlin/syn8.kt
Parsing file: /mnt/c/Users/arian/OneDrive/Desktop/compiler/compiler/tests/kotlin/syn8.kt
----------------------------------
Running test: /mnt/c/Users/arian/OneDrive/Desktop/compiler/compiler/tests/kotlin/syn9.kt
:3: error: the reserved word 'typeof' is not supported by K0 

this filename: /mnt/c/Users/arian/OneDrive/Desktop/compiler/compiler/tests/kotlin/syn9.kt
Parsing file: /mnt/c/Users/arian/OneDrive/Desktop/compiler/compiler/tests/kotlin/syn9.kt
yyparse returns 0
No errors.
----------------------------------
Running test: /mnt/c/Users/arian/OneDrive/Desktop/compiler/compiler/tests/errors/lex1.kt
Syntax error: syntax error at line 3, near token 'do'

this filename: /mnt/c/Users/arian/OneDrive/Desktop/compiler/compiler/tests/errors/lex1.kt
Parsing file: /mnt/c/Users/arian/OneDrive/Desktop/compiler/compiler/tests/errors/lex1.kt
----------------------------------
Running test: /mnt/c/Users/arian/OneDrive/Desktop/compiler/compiler/tests/errors/sem1.kt
Syntax error: syntax error at line 1, near token 'val'

this filename: /mnt/c/Users/arian/OneDrive/Desktop/compiler/compiler/tests/errors/sem1.kt
Parsing file: /mnt/c/Users/arian/OneDrive/Desktop/compiler/compiler/tests/errors/sem1.kt
----------------------------------
Running test: /mnt/c/Users/arian/OneDrive/Desktop/compiler/compiler/tests/errors/sem2.kt

this filename: /mnt/c/Users/arian/OneDrive/Desktop/compiler/compiler/tests/errors/sem2.kt
Parsing file: /mnt/c/Users/arian/OneDrive/Desktop/compiler/compiler/tests/errors/sem2.kt
yyparse returns 0
No errors.
----------------------------------
Running test: /mnt/c/Users/arian/OneDrive/Desktop/compiler/compiler/tests/errors/sem3.kt

this filename: /mnt/c/Users/arian/OneDrive/Desktop/compiler/compiler/tests/errors/sem3.kt
Parsing file: /mnt/c/Users/arian/OneDrive/Desktop/compiler/compiler/tests/errors/sem3.kt
yyparse returns 0
No errors.
----------------------------------
Running test: /mnt/c/Users/arian/OneDrive/Desktop/compiler/compiler/tests/errors/sem4.kt

this filename: /mnt/c/Users/arian/OneDrive/Desktop/compiler/compiler/tests/errors/sem4.kt
Parsing file: /mnt/c/Users/arian/OneDrive/Desktop/compiler/compiler/tests/errors/sem4.kt
yyparse returns 0
No errors.
----------------------------------
Running test: /mnt/c/Users/arian/OneDrive/Desktop/compiler/compiler/tests/errors/sem5.kt

this filename: /mnt/c/Users/arian/OneDrive/Desktop/compiler/compiler/tests/errors/sem5.kt
Parsing file: /mnt/c/Users/arian/OneDrive/Desktop/compiler/compiler/tests/errors/sem5.kt
yyparse returns 0
No errors.
----------------------------------
Running test: /mnt/c/Users/arian/OneDrive/Desktop/compiler/compiler/tests/errors/syn1.kt
Syntax error: syntax error at line 1, near token '{'

this filename: /mnt/c/Users/arian/OneDrive/Desktop/compiler/compiler/tests/errors/syn1.kt
Parsing file: /mnt/c/Users/arian/OneDrive/Desktop/compiler/compiler/tests/errors/syn1.kt
----------------------------------
Running test: /mnt/c/Users/arian/OneDrive/Desktop/compiler/compiler/tests/errors/syn2.kt
Syntax error: syntax error at line 5, near token ''

this filename: /mnt/c/Users/arian/OneDrive/Desktop/compiler/compiler/tests/errors/syn2.kt
Parsing file: /mnt/c/Users/arian/OneDrive/Desktop/compiler/compiler/tests/errors/syn2.kt
----------------------------------
Running test: /mnt/c/Users/arian/OneDrive/Desktop/compiler/compiler/tests/errors/syn3.kt
Syntax error: syntax error at line 1, near token 'for'

this filename: /mnt/c/Users/arian/OneDrive/Desktop/compiler/compiler/tests/errors/syn3.kt
Parsing file: /mnt/c/Users/arian/OneDrive/Desktop/compiler/compiler/tests/errors/syn3.kt
----------------------------------
Running test: /mnt/c/Users/arian/OneDrive/Desktop/compiler/compiler/tests/errors/syn4.kt

this filename: /mnt/c/Users/arian/OneDrive/Desktop/compiler/compiler/tests/errors/syn4.kt
Parsing file: /mnt/c/Users/arian/OneDrive/Desktop/compiler/compiler/tests/errors/syn4.kt
yyparse returns 0
No errors.
----------------------------------
Running test: /mnt/c/Users/arian/OneDrive/Desktop/compiler/compiler/tests/errors/syn5.kt
Syntax error: syntax error at line 1, near token 'else'

this filename: /mnt/c/Users/arian/OneDrive/Desktop/compiler/compiler/tests/errors/syn5.kt
Parsing file: /mnt/c/Users/arian/OneDrive/Desktop/compiler/compiler/tests/errors/syn5.kt
----------------------------------
Running test: /mnt/c/Users/arian/OneDrive/Desktop/compiler/compiler/tests/errors/syn6.kt
Syntax error: syntax error at line 1, near token 'when'

this filename: /mnt/c/Users/arian/OneDrive/Desktop/compiler/compiler/tests/errors/syn6.kt
Parsing file: /mnt/c/Users/arian/OneDrive/Desktop/compiler/compiler/tests/errors/syn6.kt
----------------------------------
Running test: /mnt/c/Users/arian/OneDrive/Desktop/compiler/compiler/tests/errors/syn7.kt
Syntax error: syntax error at line 1, near token 'return'

this filename: /mnt/c/Users/arian/OneDrive/Desktop/compiler/compiler/tests/errors/syn7.kt
Parsing file: /mnt/c/Users/arian/OneDrive/Desktop/compiler/compiler/tests/errors/syn7.kt
----------------------------------
Running test: /mnt/c/Users/arian/OneDrive/Desktop/compiler/compiler/tests/errors/syn8.kt
Syntax error: syntax error at line 2, near token 'calculateSum'

this filename: /mnt/c/Users/arian/OneDrive/Desktop/compiler/compiler/tests/errors/syn8.kt
Parsing file: /mnt/c/Users/arian/OneDrive/Desktop/compiler/compiler/tests/errors/syn8.kt
----------------------------------
